Command line:
   t_xte_isim_beh.exe
     -simmode  gui
     -simrunnum  1
     -socket  62585

Mon Jun 27 13:13:03 2022


 Elaboration Time: 0.046875 sec

 Current Memory Usage: 5145.53 Meg

 Total Signals          : 6
 Total Nets             : 19
 Total Signal Drivers   : 3
 Total Blocks           : 3
 Total Primitive Blocks : 2
 Total Processes        : 2
 Total Traceable Variables  : 8
 Total Scalar Nets and Variables : 379
Total Line Count : 13

 Total Simulation Time: 0.078125 sec

 Current Memory Usage: 4673.68 Meg

Mon Jun 27 13:20:53 2022

