Command line:
   t_div_isim_beh.exe
     -simmode  gui
     -simrunnum  0
     -socket  62640

Thu Jun 23 22:39:12 2022


 Elaboration Time: 0.046875 sec

 Current Memory Usage: 5145.03 Meg

 Total Signals          : 37
 Total Nets             : 95
 Total Signal Drivers   : 17
 Total Blocks           : 9
 Total Primitive Blocks : 7
 Total Processes        : 9
 Total Traceable Variables  : 11
 Total Scalar Nets and Variables : 474
Total Line Count : 47
In process LS_M.vhd:54 
 

 Total Simulation Time: 0.5625 sec

 Current Memory Usage: 4830.46 Meg

Thu Jun 23 22:45:42 2022

