Command line:
   t_a_isim_beh.exe
     -simmode  gui
     -simrunnum  0
     -socket  62582

Mon Jun 27 13:08:35 2022


 Elaboration Time: 0.046875 sec

 Current Memory Usage: 5145.54 Meg

 Total Signals          : 3
 Total Nets             : 19
 Total Signal Drivers   : 2
 Total Blocks           : 2
 Total Primitive Blocks : 2
 Total Processes        : 1
 Total Traceable Variables  : 8
 Total Scalar Nets and Variables : 379
Total Line Count : 3

 Total Simulation Time: 0.09375 sec

 Current Memory Usage: 4673.68 Meg

Mon Jun 27 13:20:59 2022

